Start testing: Aug 24 21:20 IST
----------------------------------------------------------
1/1 Testing: RunTests
1/1 Test: RunTests
Command: "/mnt/c/Users/Garg/Desktop/project/GoogleDoc/LatexToMarkdownConverter/googleTest/build/tests"
Directory: /mnt/c/Users/Garg/Desktop/project/GoogleDoc/LatexToMarkdownConverter/googleTest/build
"RunTests" start time: Aug 24 21:20 IST
Output:
----------------------------------------------------------
[==========] Running 7 tests from 7 test suites.
[----------] Global test environment set-up.
[----------] 1 test from ASTNodeTest1
[ RUN      ] ASTNodeTest1.ConvertASTToMarkdownHeading
[       OK ] ASTNodeTest1.ConvertASTToMarkdownHeading (0 ms)
[----------] 1 test from ASTNodeTest1 (0 ms total)

[----------] 1 test from ASTNodeTest2
[ RUN      ] ASTNodeTest2.ConvertASTToMarkdownSubheading
[       OK ] ASTNodeTest2.ConvertASTToMarkdownSubheading (0 ms)
[----------] 1 test from ASTNodeTest2 (0 ms total)

[----------] 1 test from ASTNodeTest3
[ RUN      ] ASTNodeTest3.ConvertASTToMarkdownBold
[       OK ] ASTNodeTest3.ConvertASTToMarkdownBold (0 ms)
[----------] 1 test from ASTNodeTest3 (0 ms total)

[----------] 1 test from ASTNodeTest4
[ RUN      ] ASTNodeTest4.ConvertASTToMarkdownItalics
[       OK ] ASTNodeTest4.ConvertASTToMarkdownItalics (0 ms)
[----------] 1 test from ASTNodeTest4 (0 ms total)

[----------] 1 test from ASTNodeTest5
[ RUN      ] ASTNodeTest5.ConvertASTToMarkdownUnorderedList
[       OK ] ASTNodeTest5.ConvertASTToMarkdownUnorderedList (0 ms)
[----------] 1 test from ASTNodeTest5 (0 ms total)

[----------] 1 test from ASTNodeTest6
[ RUN      ] ASTNodeTest6.ConvertASTToMarkdownTable
[       OK ] ASTNodeTest6.ConvertASTToMarkdownTable (0 ms)
[----------] 1 test from ASTNodeTest6 (0 ms total)

[----------] 1 test from ASTNodeTest7
[ RUN      ] ASTNodeTest7.ConvertASTToMarkdownItalicsBold
[       OK ] ASTNodeTest7.ConvertASTToMarkdownItalicsBold (0 ms)
[----------] 1 test from ASTNodeTest7 (0 ms total)

[----------] Global test environment tear-down
[==========] 7 tests from 7 test suites ran. (0 ms total)
[  PASSED  ] 7 tests.
<end of output>
Test time =   0.11 sec
----------------------------------------------------------
Test Passed.
"RunTests" end time: Aug 24 21:20 IST
"RunTests" time elapsed: 00:00:00
----------------------------------------------------------

End testing: Aug 24 21:20 IST
